<?xml version="1.0" encoding="UTF-8"?>
<testsuite name="com.example1.yudn.GirlServiceTest" time="0.453" tests="1" errors="1" skipped="0" failures="0">
  <properties>
[...]
</properties>
  <testcase name="findOneTest" classname="com.example1.yudn.GirlServiceTest" time="0.453">
    <error type="java.lang.NullPointerException:">java.lang.NullPointerException: null
	at com.example1.yudn.GirlServiceTest.findOneTest(GirlServiceTest.java:24)
</error>
    <system-out><![CDATA[2018-05-17 16:46:43.741  INFO 11244 --- [           main] .b.t.c.SpringBootTestContextBootstrapper : Neither @ContextConfiguration nor @ContextHierarchy found for test class [com.example1.yudn.GirlServiceTest], using SpringBootContextLoader
2018-05-17 16:46:43.757  INFO 11244 --- [           main] o.s.t.c.support.AbstractContextLoader    : Could not detect default resource locations for test class [com.example1.yudn.GirlServiceTest]: no resource found for suffixes {-context.xml, Context.groovy}.
2018-05-17 16:46:43.757  INFO 11244 --- [           main] t.c.s.AnnotationConfigContextLoaderUtils : Could not detect default configuration classes for test class [com.example1.yudn.GirlServiceTest]: GirlServiceTest does not declare any static, non-private, non-final, nested classes annotated with @Configuration.
2018-05-17 16:46:43.850  INFO 11244 --- [           main] .b.t.c.SpringBootTestContextBootstrapper : Found @SpringBootConfiguration com.example1.yudn.Demo3Application for test class com.example1.yudn.GirlServiceTest
2018-05-17 16:46:43.850  INFO 11244 --- [           main] .b.t.c.SpringBootTestContextBootstrapper : Loaded default TestExecutionListener class names from location [META-INF/spring.factories]: [org.springframework.boot.test.mock.mockito.MockitoTestExecutionListener, org.springframework.boot.test.mock.mockito.ResetMocksTestExecutionListener, org.springframework.boot.test.autoconfigure.restdocs.RestDocsTestExecutionListener, org.springframework.boot.test.autoconfigure.web.client.MockRestServiceServerResetTestExecutionListener, org.springframework.boot.test.autoconfigure.web.servlet.MockMvcPrintOnlyOnFailureTestExecutionListener, org.springframework.boot.test.autoconfigure.web.servlet.WebDriverTestExecutionListener, org.springframework.test.context.web.ServletTestExecutionListener, org.springframework.test.context.support.DirtiesContextBeforeModesTestExecutionListener, org.springframework.test.context.support.DependencyInjectionTestExecutionListener, org.springframework.test.context.support.DirtiesContextTestExecutionListener, org.springframework.test.context.transaction.TransactionalTestExecutionListener, org.springframework.test.context.jdbc.SqlScriptsTestExecutionListener]
2018-05-17 16:46:43.897  INFO 11244 --- [           main] .b.t.c.SpringBootTestContextBootstrapper : Using TestExecutionListeners: [org.springframework.test.context.web.ServletTestExecutionListener@2cff5aa3, org.springframework.test.context.support.DirtiesContextBeforeModesTestExecutionListener@b6136eb, org.springframework.boot.test.autoconfigure.SpringBootDependencyInjectionTestExecutionListener@2cce10bc, org.springframework.test.context.support.DirtiesContextTestExecutionListener@73234691, org.springframework.test.context.transaction.TransactionalTestExecutionListener@25df2014, org.springframework.test.context.jdbc.SqlScriptsTestExecutionListener@270b8c2a, org.springframework.boot.test.autoconfigure.web.servlet.WebDriverTestExecutionListener@7b9c2387, org.springframework.boot.test.mock.mockito.ResetMocksTestExecutionListener@12e2f5ab, org.springframework.boot.test.autoconfigure.restdocs.RestDocsTestExecutionListener@4e61a863, org.springframework.boot.test.autoconfigure.web.client.MockRestServiceServerResetTestExecutionListener@35f01759, org.springframework.boot.test.autoconfigure.web.servlet.MockMvcPrintOnlyOnFailureTestExecutionListener@2fea9a7b, org.springframework.boot.test.mock.mockito.MockitoTestExecutionListener@2aa07d80]
Hibernate: select girl0_.`id` as id1_1_0_, girl0_.`money` as money2_1_0_, girl0_.`age` as age3_1_0_, girl0_.`cpu_size` as cpu_size4_1_0_ from `girl` girl0_ where girl0_.`id`=?
]]></system-out>
  </testcase>
</testsuite>